{"/Users/gsumpster/Documents/Trippy/build/util/map.js":{"path":"/Users/gsumpster/Documents/Trippy/build/util/map.js","s":{"1":1,"2":1,"3":1,"4":1,"5":1,"6":1,"7":1,"8":1,"9":2,"10":1,"11":1,"12":1,"13":1,"14":1,"15":0,"16":0,"17":0,"18":0,"19":0,"20":0,"21":0,"22":0,"23":0},"b":{"1":[0,2],"2":[2,2]},"f":{"1":2,"2":1,"3":0,"4":0,"5":0},"fnMap":{"1":{"name":"_interopRequireDefault","line":17,"loc":{"start":{"line":17,"column":0},"end":{"line":17,"column":37}}},"2":{"name":"path","line":35,"loc":{"start":{"line":35,"column":0},"end":{"line":35,"column":27}}},"3":{"name":"update_wormholes","line":44,"loc":{"start":{"line":44,"column":0},"end":{"line":44,"column":39}}},"4":{"name":"(anonymous_4)","line":45,"loc":{"start":{"line":45,"column":47},"end":{"line":45,"column":60}}},"5":{"name":"(anonymous_5)","line":48,"loc":{"start":{"line":48,"column":52},"end":{"line":48,"column":65}}}},"statementMap":{"1":{"start":{"line":3,"column":0},"end":{"line":5,"column":3}},"2":{"start":{"line":6,"column":0},"end":{"line":6,"column":20}},"3":{"start":{"line":7,"column":0},"end":{"line":7,"column":44}},"4":{"start":{"line":9,"column":0},"end":{"line":9,"column":45}},"5":{"start":{"line":11,"column":0},"end":{"line":11,"column":59}},"6":{"start":{"line":13,"column":0},"end":{"line":13,"column":42}},"7":{"start":{"line":15,"column":0},"end":{"line":15,"column":45}},"8":{"start":{"line":17,"column":0},"end":{"line":17,"column":95}},"9":{"start":{"line":17,"column":39},"end":{"line":17,"column":93}},"10":{"start":{"line":20,"column":0},"end":{"line":20,"column":62}},"11":{"start":{"line":27,"column":0},"end":{"line":27,"column":22}},"12":{"start":{"line":35,"column":0},"end":{"line":37,"column":1}},"13":{"start":{"line":36,"column":1},"end":{"line":36,"column":38}},"14":{"start":{"line":44,"column":0},"end":{"line":63,"column":1}},"15":{"start":{"line":45,"column":1},"end":{"line":47,"column":4}},"16":{"start":{"line":46,"column":2},"end":{"line":46,"column":44}},"17":{"start":{"line":48,"column":1},"end":{"line":50,"column":4}},"18":{"start":{"line":49,"column":2},"end":{"line":49,"column":43}},"19":{"start":{"line":53,"column":1},"end":{"line":55,"column":2}},"20":{"start":{"line":54,"column":2},"end":{"line":54,"column":49}},"21":{"start":{"line":58,"column":1},"end":{"line":60,"column":2}},"22":{"start":{"line":59,"column":2},"end":{"line":59,"column":77}},"23":{"start":{"line":62,"column":1},"end":{"line":62,"column":28}}},"branchMap":{"1":{"line":17,"type":"cond-expr","locations":[{"start":{"line":17,"column":70},"end":{"line":17,"column":73}},{"start":{"line":17,"column":76},"end":{"line":17,"column":92}}]},"2":{"line":17,"type":"binary-expr","locations":[{"start":{"line":17,"column":46},"end":{"line":17,"column":49}},{"start":{"line":17,"column":53},"end":{"line":17,"column":67}}]}}},"/Users/gsumpster/Documents/Trippy/build/util/notifier.js":{"path":"/Users/gsumpster/Documents/Trippy/build/util/notifier.js","s":{"1":1,"2":1,"3":1,"4":1,"5":1,"6":1,"7":1,"8":0,"9":0,"10":0},"b":{"1":[1,0],"2":[1,1]},"f":{"1":1,"2":0},"fnMap":{"1":{"name":"_interopRequireDefault","line":12,"loc":{"start":{"line":12,"column":0},"end":{"line":12,"column":37}}},"2":{"name":"new_connections","line":20,"loc":{"start":{"line":20,"column":0},"end":{"line":20,"column":45}}}},"statementMap":{"1":{"start":{"line":3,"column":0},"end":{"line":5,"column":3}},"2":{"start":{"line":6,"column":0},"end":{"line":6,"column":42}},"3":{"start":{"line":8,"column":0},"end":{"line":8,"column":31}},"4":{"start":{"line":10,"column":0},"end":{"line":10,"column":41}},"5":{"start":{"line":12,"column":0},"end":{"line":12,"column":95}},"6":{"start":{"line":12,"column":39},"end":{"line":12,"column":93}},"7":{"start":{"line":20,"column":0},"end":{"line":27,"column":1}},"8":{"start":{"line":21,"column":1},"end":{"line":26,"column":2}},"9":{"start":{"line":22,"column":2},"end":{"line":22,"column":42}},"10":{"start":{"line":23,"column":2},"end":{"line":23,"column":51}}},"branchMap":{"1":{"line":12,"type":"cond-expr","locations":[{"start":{"line":12,"column":70},"end":{"line":12,"column":73}},{"start":{"line":12,"column":76},"end":{"line":12,"column":92}}]},"2":{"line":12,"type":"binary-expr","locations":[{"start":{"line":12,"column":46},"end":{"line":12,"column":49}},{"start":{"line":12,"column":53},"end":{"line":12,"column":67}}]}}},"/Users/gsumpster/Documents/Trippy/build/util/sde.js":{"path":"/Users/gsumpster/Documents/Trippy/build/util/sde.js","s":{"1":1,"2":1,"3":1,"4":1,"5":1,"6":1,"7":1,"8":0},"b":{"1":[0,1],"2":[1,1]},"f":{"1":1,"2":0},"fnMap":{"1":{"name":"_interopRequireDefault","line":12,"loc":{"start":{"line":12,"column":0},"end":{"line":12,"column":37}}},"2":{"name":"getSystem","line":21,"loc":{"start":{"line":21,"column":0},"end":{"line":21,"column":23}}}},"statementMap":{"1":{"start":{"line":3,"column":0},"end":{"line":5,"column":3}},"2":{"start":{"line":6,"column":0},"end":{"line":6,"column":30}},"3":{"start":{"line":8,"column":0},"end":{"line":8,"column":46}},"4":{"start":{"line":10,"column":0},"end":{"line":10,"column":49}},"5":{"start":{"line":12,"column":0},"end":{"line":12,"column":95}},"6":{"start":{"line":12,"column":39},"end":{"line":12,"column":93}},"7":{"start":{"line":21,"column":0},"end":{"line":23,"column":1}},"8":{"start":{"line":22,"column":1},"end":{"line":22,"column":30}}},"branchMap":{"1":{"line":12,"type":"cond-expr","locations":[{"start":{"line":12,"column":70},"end":{"line":12,"column":73}},{"start":{"line":12,"column":76},"end":{"line":12,"column":92}}]},"2":{"line":12,"type":"binary-expr","locations":[{"start":{"line":12,"column":46},"end":{"line":12,"column":49}},{"start":{"line":12,"column":53},"end":{"line":12,"column":67}}]}}},"/Users/gsumpster/Documents/Trippy/build/util/tripwire.js":{"path":"/Users/gsumpster/Documents/Trippy/build/util/tripwire.js","s":{"1":1,"2":1,"3":1,"4":1,"5":1,"6":1,"7":1,"8":1,"9":0,"10":0,"11":0,"12":0,"13":0,"14":0,"15":0,"16":0,"17":0,"18":0,"19":1,"20":0,"21":0,"22":0,"23":0,"24":0,"25":0,"26":0,"27":0},"b":{"1":[0,1],"2":[1,1],"3":[0,0],"4":[0,0]},"f":{"1":1,"2":0,"3":0,"4":0,"5":0,"6":0,"7":0,"8":0,"9":0,"10":0,"11":0,"12":0},"fnMap":{"1":{"name":"_interopRequireDefault","line":14,"loc":{"start":{"line":14,"column":0},"end":{"line":14,"column":37}}},"2":{"name":"get_connections","line":23,"loc":{"start":{"line":23,"column":0},"end":{"line":23,"column":27}}},"3":{"name":"(anonymous_3)","line":24,"loc":{"start":{"line":24,"column":29},"end":{"line":24,"column":46}}},"4":{"name":"(anonymous_4)","line":25,"loc":{"start":{"line":25,"column":22},"end":{"line":25,"column":40}}},"5":{"name":"(anonymous_5)","line":32,"loc":{"start":{"line":32,"column":9},"end":{"line":32,"column":26}}},"6":{"name":"(anonymous_6)","line":33,"loc":{"start":{"line":33,"column":19},"end":{"line":33,"column":37}}},"7":{"name":"retrieve_connections","line":49,"loc":{"start":{"line":49,"column":0},"end":{"line":49,"column":32}}},"8":{"name":"(anonymous_8)","line":51,"loc":{"start":{"line":51,"column":7},"end":{"line":51,"column":22}}},"9":{"name":"(anonymous_9)","line":54,"loc":{"start":{"line":54,"column":9},"end":{"line":54,"column":27}}},"10":{"name":"(anonymous_10)","line":58,"loc":{"start":{"line":58,"column":8},"end":{"line":58,"column":24}}},"11":{"name":"(anonymous_11)","line":62,"loc":{"start":{"line":62,"column":11},"end":{"line":62,"column":26}}},"12":{"name":"(anonymous_12)","line":65,"loc":{"start":{"line":65,"column":10},"end":{"line":65,"column":25}}}},"statementMap":{"1":{"start":{"line":3,"column":0},"end":{"line":5,"column":3}},"2":{"start":{"line":6,"column":0},"end":{"line":6,"column":42}},"3":{"start":{"line":8,"column":0},"end":{"line":8,"column":49}},"4":{"start":{"line":10,"column":0},"end":{"line":10,"column":63}},"5":{"start":{"line":12,"column":0},"end":{"line":12,"column":55}},"6":{"start":{"line":14,"column":0},"end":{"line":14,"column":95}},"7":{"start":{"line":14,"column":39},"end":{"line":14,"column":93}},"8":{"start":{"line":23,"column":0},"end":{"line":40,"column":1}},"9":{"start":{"line":24,"column":1},"end":{"line":39,"column":4}},"10":{"start":{"line":25,"column":2},"end":{"line":31,"column":5}},"11":{"start":{"line":27,"column":3},"end":{"line":29,"column":4}},"12":{"start":{"line":28,"column":4},"end":{"line":28,"column":34}},"13":{"start":{"line":30,"column":3},"end":{"line":30,"column":17}},"14":{"start":{"line":33,"column":2},"end":{"line":38,"column":5}},"15":{"start":{"line":34,"column":3},"end":{"line":34,"column":16}},"16":{"start":{"line":35,"column":3},"end":{"line":35,"column":33}},"17":{"start":{"line":36,"column":3},"end":{"line":36,"column":49}},"18":{"start":{"line":37,"column":3},"end":{"line":37,"column":14}},"19":{"start":{"line":49,"column":0},"end":{"line":68,"column":1}},"20":{"start":{"line":50,"column":1},"end":{"line":67,"column":4}},"21":{"start":{"line":53,"column":2},"end":{"line":53,"column":75}},"22":{"start":{"line":56,"column":2},"end":{"line":56,"column":76}},"23":{"start":{"line":57,"column":2},"end":{"line":64,"column":5}},"24":{"start":{"line":59,"column":3},"end":{"line":61,"column":4}},"25":{"start":{"line":60,"column":4},"end":{"line":60,"column":26}},"26":{"start":{"line":63,"column":3},"end":{"line":63,"column":22}},"27":{"start":{"line":66,"column":2},"end":{"line":66,"column":21}}},"branchMap":{"1":{"line":14,"type":"cond-expr","locations":[{"start":{"line":14,"column":70},"end":{"line":14,"column":73}},{"start":{"line":14,"column":76},"end":{"line":14,"column":92}}]},"2":{"line":14,"type":"binary-expr","locations":[{"start":{"line":14,"column":46},"end":{"line":14,"column":49}},{"start":{"line":14,"column":53},"end":{"line":14,"column":67}}]},"3":{"line":27,"type":"if","locations":[{"start":{"line":27,"column":3},"end":{"line":27,"column":3}},{"start":{"line":27,"column":3},"end":{"line":27,"column":3}}]},"4":{"line":59,"type":"if","locations":[{"start":{"line":59,"column":3},"end":{"line":59,"column":3}},{"start":{"line":59,"column":3},"end":{"line":59,"column":3}}]}}},"/Users/gsumpster/Documents/Trippy/build/util/request_objects.js":{"path":"/Users/gsumpster/Documents/Trippy/build/util/request_objects.js","s":{"1":1,"2":1,"3":1},"b":{"1":[1,1],"2":[1,1]},"f":{},"fnMap":{},"statementMap":{"1":{"start":{"line":3,"column":0},"end":{"line":5,"column":3}},"2":{"start":{"line":6,"column":0},"end":{"line":20,"column":2}},"3":{"start":{"line":22,"column":0},"end":{"line":34,"column":2}}},"branchMap":{"1":{"line":8,"type":"binary-expr","locations":[{"start":{"line":8,"column":7},"end":{"line":8,"column":31}},{"start":{"line":8,"column":35},"end":{"line":8,"column":58}}]},"2":{"line":24,"type":"binary-expr","locations":[{"start":{"line":24,"column":7},"end":{"line":24,"column":31}},{"start":{"line":24,"column":35},"end":{"line":24,"column":58}}]}}}}