TN:
SF:/Users/gsumpster/Documents/Trippy/build/util/map.js
FN:17,_interopRequireDefault
FN:35,path
FN:44,update_wormholes
FN:45,(anonymous_4)
FN:48,(anonymous_5)
FNF:5
FNH:2
FNDA:2,_interopRequireDefault
FNDA:1,path
FNDA:0,update_wormholes
FNDA:0,(anonymous_4)
FNDA:0,(anonymous_5)
DA:3,1
DA:6,1
DA:7,1
DA:9,1
DA:11,1
DA:13,1
DA:15,1
DA:17,2
DA:20,1
DA:27,1
DA:35,1
DA:36,1
DA:44,1
DA:45,0
DA:46,0
DA:48,0
DA:49,0
DA:53,0
DA:54,0
DA:58,0
DA:59,0
DA:62,0
LF:22
LH:13
BRDA:17,1,0,0
BRDA:17,1,1,2
BRDA:17,2,0,2
BRDA:17,2,1,2
BRF:4
BRH:3
end_of_record
TN:
SF:/Users/gsumpster/Documents/Trippy/build/util/notifier.js
FN:12,_interopRequireDefault
FN:20,new_connections
FNF:2
FNH:1
FNDA:1,_interopRequireDefault
FNDA:0,new_connections
DA:3,1
DA:6,1
DA:8,1
DA:10,1
DA:12,1
DA:20,1
DA:21,0
DA:22,0
DA:23,0
LF:9
LH:6
BRDA:12,1,0,1
BRDA:12,1,1,0
BRDA:12,2,0,1
BRDA:12,2,1,1
BRF:4
BRH:3
end_of_record
TN:
SF:/Users/gsumpster/Documents/Trippy/build/util/sde.js
FN:12,_interopRequireDefault
FN:21,getSystem
FNF:2
FNH:1
FNDA:1,_interopRequireDefault
FNDA:0,getSystem
DA:3,1
DA:6,1
DA:8,1
DA:10,1
DA:12,1
DA:21,1
DA:22,0
LF:7
LH:6
BRDA:12,1,0,0
BRDA:12,1,1,1
BRDA:12,2,0,1
BRDA:12,2,1,1
BRF:4
BRH:3
end_of_record
TN:
SF:/Users/gsumpster/Documents/Trippy/build/util/tripwire.js
FN:14,_interopRequireDefault
FN:23,get_connections
FN:24,(anonymous_3)
FN:25,(anonymous_4)
FN:32,(anonymous_5)
FN:33,(anonymous_6)
FN:49,retrieve_connections
FN:51,(anonymous_8)
FN:54,(anonymous_9)
FN:58,(anonymous_10)
FN:62,(anonymous_11)
FN:65,(anonymous_12)
FNF:12
FNH:1
FNDA:1,_interopRequireDefault
FNDA:0,get_connections
FNDA:0,(anonymous_3)
FNDA:0,(anonymous_4)
FNDA:0,(anonymous_5)
FNDA:0,(anonymous_6)
FNDA:0,retrieve_connections
FNDA:0,(anonymous_8)
FNDA:0,(anonymous_9)
FNDA:0,(anonymous_10)
FNDA:0,(anonymous_11)
FNDA:0,(anonymous_12)
DA:3,1
DA:6,1
DA:8,1
DA:10,1
DA:12,1
DA:14,1
DA:23,1
DA:24,0
DA:25,0
DA:27,0
DA:28,0
DA:30,0
DA:33,0
DA:34,0
DA:35,0
DA:36,0
DA:37,0
DA:49,1
DA:50,0
DA:53,0
DA:56,0
DA:57,0
DA:59,0
DA:60,0
DA:63,0
DA:66,0
LF:26
LH:8
BRDA:14,1,0,0
BRDA:14,1,1,1
BRDA:14,2,0,1
BRDA:14,2,1,1
BRDA:27,3,0,0
BRDA:27,3,1,0
BRDA:59,4,0,0
BRDA:59,4,1,0
BRF:8
BRH:3
end_of_record
TN:
SF:/Users/gsumpster/Documents/Trippy/build/util/request_objects.js
FNF:0
FNH:0
DA:3,1
DA:6,1
DA:22,1
LF:3
LH:3
BRDA:8,1,0,1
BRDA:8,1,1,1
BRDA:24,2,0,1
BRDA:24,2,1,1
BRF:4
BRH:4
end_of_record
